<?xml version="1.0" encoding="UTF-8"?>
<testng-results ignored="0" total="1" passed="1" failed="0" skipped="0">
  <reporter-output>
  </reporter-output>
  <suite started-at="2024-01-20T21:13:58 IST" name="Default suite" finished-at="2024-01-20T21:14:10 IST" duration-ms="12128">
    <groups>
    </groups>
    <test started-at="2024-01-20T21:13:58 IST" name="Default test" finished-at="2024-01-20T21:14:10 IST" duration-ms="12128">
      <class name="SeleniumLatestFeature.CDP_Integration.SetGeoLocation">
        <test-method signature="setLocation()[pri:0, instance:SeleniumLatestFeature.CDP_Integration.SetGeoLocation@394a2528]" started-at="2024-01-20T21:13:58 IST" name="setLocation" finished-at="2024-01-20T21:14:10 IST" duration-ms="12077" status="PASS">
          <reporter-output>
          </reporter-output>
        </test-method> <!-- setLocation -->
      </class> <!-- SeleniumLatestFeature.CDP_Integration.SetGeoLocation -->
    </test> <!-- Default test -->
  </suite> <!-- Default suite -->
</testng-results>
